\BOOKMARK [1][-]{section.1}{はじめに}{}% 1
\BOOKMARK [1][-]{section.2}{Infrastructure as a Service}{}% 2
\BOOKMARK [1][-]{section.3}{関連研究}{}% 3
\BOOKMARK [2][-]{subsection.3.1}{Exokernel: An Operating System Architecture for Application-Level Resource Management}{section.3}% 4
\BOOKMARK [2][-]{subsection.3.2}{OSv - Optimizing the Operating System for Virtual Machines}{section.3}% 5
\BOOKMARK [2][-]{subsection.3.3}{Unikernel: Library Operating Systems for the Cloud}{section.3}% 6
\BOOKMARK [2][-]{subsection.3.4}{まとめ}{section.3}% 7
\BOOKMARK [1][-]{section.4}{提案}{}% 8
\BOOKMARK [2][-]{subsection.4.1}{概要}{section.4}% 9
\BOOKMARK [2][-]{subsection.4.2}{静的解析}{section.4}% 10
\BOOKMARK [2][-]{subsection.4.3}{カーネルのブート}{section.4}% 11
\BOOKMARK [2][-]{subsection.4.4}{Linuxカーネル}{section.4}% 12
\BOOKMARK [3][-]{subsubsection.4.4.1}{概要}{subsection.4.4}% 13
\BOOKMARK [3][-]{subsubsection.4.4.2}{コンパイル}{subsection.4.4}% 14
\BOOKMARK [3][-]{subsubsection.4.4.3}{ブート}{subsection.4.4}% 15
\BOOKMARK [1][-]{section.5}{実装}{}% 16
\BOOKMARK [2][-]{subsection.5.1}{概要}{section.5}% 17
\BOOKMARK [2][-]{subsection.5.2}{ブートに必要な部分の識別}{section.5}% 18
\BOOKMARK [2][-]{subsection.5.3}{関数の削除}{section.5}% 19
\BOOKMARK [2][-]{subsection.5.4}{手法1}{section.5}% 20
\BOOKMARK [2][-]{subsection.5.5}{手法2}{section.5}% 21
\BOOKMARK [2][-]{subsection.5.6}{手法3}{section.5}% 22
\BOOKMARK [1][-]{section.6}{分析結果}{}% 23
\BOOKMARK [1][-]{section.7}{おわりに}{}% 24
\BOOKMARK [2][-]{subsection.7.1}{まとめ}{section.7}% 25
\BOOKMARK [2][-]{subsection.7.2}{今後の課題}{section.7}% 26
\BOOKMARK [1][-]{section.8}{謝辞}{}% 27
