\BOOKMARK [1][-]{section.1}{はじめに}{}% 1
\BOOKMARK [1][-]{section.2}{仮想化技術}{}% 2
\BOOKMARK [2][-]{subsection.2.1}{仮想化}{section.2}% 3
\BOOKMARK [3][-]{subsubsection.2.1.1}{仮想化とは}{subsection.2.1}% 4
\BOOKMARK [3][-]{subsubsection.2.1.2}{サーバ仮想化}{subsection.2.1}% 5
\BOOKMARK [3][-]{subsubsection.2.1.3}{ホスト OS 型}{subsection.2.1}% 6
\BOOKMARK [3][-]{subsubsection.2.1.4}{ハイパーバイザ型}{subsection.2.1}% 7
\BOOKMARK [3][-]{subsubsection.2.1.5}{完全仮想化と準仮想化}{subsection.2.1}% 8
\BOOKMARK [2][-]{subsection.2.2}{クラウドコンピューティングにおける仮想化技術の利用}{section.2}% 9
\BOOKMARK [3][-]{subsubsection.2.2.1}{クラウドコンピューティングとは}{subsection.2.2}% 10
\BOOKMARK [3][-]{subsubsection.2.2.2}{PaaS とは}{subsection.2.2}% 11
\BOOKMARK [2][-]{subsection.2.3}{Live Migration}{section.2}% 12
\BOOKMARK [3][-]{subsubsection.2.3.1}{Live Migration とは}{subsection.2.3}% 13
\BOOKMARK [3][-]{subsubsection.2.3.2}{Live Migration の用途}{subsection.2.3}% 14
\BOOKMARK [3][-]{subsubsection.2.3.3}{移送する対象と方法}{subsection.2.3}% 15
\BOOKMARK [3][-]{subsubsection.2.3.4}{移送の仕組み}{subsection.2.3}% 16
\BOOKMARK [2][-]{subsection.2.4}{仮想マシン間のページ共有技術}{section.2}% 17
\BOOKMARK [3][-]{subsubsection.2.4.1}{Transparent Page Sharing}{subsection.2.4}% 18
\BOOKMARK [3][-]{subsubsection.2.4.2}{メモリ共有}{subsection.2.4}% 19
\BOOKMARK [1][-]{section.3}{関連研究}{}% 20
\BOOKMARK [2][-]{subsection.3.1}{Post-copy}{section.3}% 21
\BOOKMARK [2][-]{subsection.3.2}{移送メモリ量削減手法}{section.3}% 22
\BOOKMARK [2][-]{subsection.3.3}{メモリ共有手法}{section.3}% 23
\BOOKMARK [2][-]{subsection.3.4}{まとめ}{section.3}% 24
\BOOKMARK [1][-]{section.4}{提案手法}{}% 25
\BOOKMARK [2][-]{subsection.4.1}{概要}{section.4}% 26
\BOOKMARK [2][-]{subsection.4.2}{SharingMigration}{section.4}% 27
\BOOKMARK [2][-]{subsection.4.3}{非転送可能なページ}{section.4}% 28
\BOOKMARK [2][-]{subsection.4.4}{非転送ページと送信量}{section.4}% 29
\BOOKMARK [1][-]{section.5}{実装}{}% 30
\BOOKMARK [2][-]{subsection.5.1}{XEN}{section.5}% 31
\BOOKMARK [2][-]{subsection.5.2}{メモリ共有モジュール}{section.5}% 32
\BOOKMARK [2][-]{subsection.5.3}{SharingMigration の実装}{section.5}% 33
\BOOKMARK [3][-]{subsubsection.5.3.1}{SharingMigration の実装面の流れ}{subsection.5.3}% 34
\BOOKMARK [3][-]{subsubsection.5.3.2}{STAGE0，STAGE1}{subsection.5.3}% 35
\BOOKMARK [3][-]{subsubsection.5.3.3}{STAGE2，STAGE3}{subsection.5.3}% 36
\BOOKMARK [3][-]{subsubsection.5.3.4}{STAGE4}{subsection.5.3}% 37
\BOOKMARK [3][-]{subsubsection.5.3.5}{STAGE5}{subsection.5.3}% 38
\BOOKMARK [1][-]{section.6}{実験}{}% 39
\BOOKMARK [2][-]{subsection.6.1}{非転送ページの量を調整した本実装の実験}{section.6}% 40
\BOOKMARK [3][-]{subsubsection.6.1.1}{目的}{subsection.6.1}% 41
\BOOKMARK [3][-]{subsubsection.6.1.2}{実験方法}{subsection.6.1}% 42
\BOOKMARK [3][-]{subsubsection.6.1.3}{実験結果}{subsection.6.1}% 43
\BOOKMARK [2][-]{subsection.6.2}{計測方法}{section.6}% 44
\BOOKMARK [3][-]{subsubsection.6.2.1}{各マシンでのコマンドの実行方法}{subsection.6.2}% 45
\BOOKMARK [3][-]{subsubsection.6.2.2}{時間の測定方法}{subsection.6.2}% 46
\BOOKMARK [3][-]{subsubsection.6.2.3}{実験スクリプトの流れ}{subsection.6.2}% 47
\BOOKMARK [1][-]{section.7}{おわりに}{}% 48
\BOOKMARK [2][-]{subsection.7.1}{まとめ}{section.7}% 49
\BOOKMARK [2][-]{subsection.7.2}{今後の課題}{section.7}% 50
\BOOKMARK [1][-]{section.8}{謝辞}{}% 51
