This is e-pTeX, Version 3.1415926-p3.4-110825-2.6 (utf8.euc) (TeX Live 2013) (format=platex 2014.5.27)  23 JAN 2015 16:53
entering extended mode
 restricted \write18 enabled.
 %&-line parsing enabled.
**cover.tex
(/usr/local/texlive/2013/texmf-dist/tex/latex/tools/x.tex
pLaTeX2e <2006/11/10> (based on LaTeX2e <2011/06/27> patch level 0)
Babel <3.9k> and hyphenation patterns for 78 languages loaded.

! .
l.34   \batchmode \errmessage{}
                               \csname @@end\endcsname \end
This error message was generated by an \errmessage
command, so I can't give any explicit help.
Pretend that you're Hercule Poirot: Examine all clues,
and deduce the truth by order and method.

 ) 
Here is how much of TeX's memory you used:
 6 strings out of 494001
 174 string characters out of 6154384
 52669 words of memory out of 5000000
 3565 multiletter control sequences out of 15000+600000
 7519 words of font info for 31 fonts, out of 8000000 for 9000
 745 hyphenation exceptions out of 8191
 5i,0n,1p,89b,8s stack positions out of 5000i,500n,10000p,200000b,80000s

No pages of output.
